<?xml version="1.0" encoding="UTF-8"?>
<!-- Generated by org.testng.reporters.JUnitXMLReporter -->
<testsuite ignored="3" hostname="BKLAP117" failures="0" tests="2" name="Test" time="19.52" errors="0" timestamp="31 Jan 2022 05:19:40 GMT">
  <testcase classname="com.bk_automation_testNG_prototype.testbase.TestBase" name="@BeforeMethod beforeMethod" time="0.0">
    <failure type="java.lang.NullPointerException" message="Cannot invoke &amp;quot;org.openqa.selenium.WebDriver.get(String)&amp;quot; because &amp;quot;this.driver&amp;quot; is null">
      <![CDATA[java.lang.NullPointerException: Cannot invoke "org.openqa.selenium.WebDriver.get(String)" because "this.driver" is null
	at com.bk_automation_testNG_prototype.testbase.TestBase.getApplicationUrl(TestBase.java:197)
	at com.bk_automation_testNG_prototype.testbase.TestBase.beforeMethod(TestBase.java:88)
... Removed 27 stack frames]]>
    </failure>
  </testcase> <!-- @BeforeMethod beforeMethod -->
  <testcase classname="com.bk_automation_testNG_prototype.testbase.TestBase" name="@AfterMethod afterMethod" time="0.0">
    <skipped/>
  </testcase> <!-- @AfterMethod afterMethod -->
  <testcase classname="com.bk_automation_testNG_prototype.testbase.TestBase" name="@AfterTest afterTest" time="0.0">
    <skipped/>
  </testcase> <!-- @AfterTest afterTest -->
  <testcase classname="com.bk_automation_testNG_prototype.testScripts.loginPage.SignUpTest" name="verifySignUp" time="8.483"/>
  <testcase classname="com.bk_automation_testNG_prototype.testScripts.loginPage.NidaanLoginTest" name="verifyLogin_ValidCredentials" time="0.001">
    <skipped/>
  </testcase> <!-- verifyLogin_ValidCredentials -->
  <testcase classname="com.bk_automation_testNG_prototype.testbase.TestBase" name="@BeforeTest beforeTest" time="0.0">
    <ignored/>
  </testcase> <!-- @BeforeTest beforeTest -->
  <testcase classname="com.bk_automation_testNG_prototype.testbase.TestBase" name="@AfterTest afterTest" time="0.0">
    <ignored/>
  </testcase> <!-- @AfterTest afterTest -->
  <testcase classname="com.bk_automation_testNG_prototype.testbase.TestBase" name="@BeforeSuite beforeSuite" time="0.0">
    <ignored/>
  </testcase> <!-- @BeforeSuite beforeSuite -->
</testsuite> <!-- Test -->
